The "poetry.dev-dependencies" section is deprecated and will be removed in a future version. Use "poetry.group.dev.dependencies" instead.
============================= test session starts ==============================
platform darwin -- Python 3.11.5, pytest-7.4.4, pluggy-1.6.0 -- /Users/oceanjungle/Library/Caches/pypoetry/virtualenvs/fastapi-realworld-example-app-KlIZo3qH-py3.11/bin/python
cachedir: .pytest_cache
rootdir: /Users/oceanjungle/proDoc/fastapi-realworld-example-app
configfile: pytest.ini
plugins: anyio-4.12.1, xdist-2.5.0, env-0.6.2, asyncio-0.19.0, forked-1.6.0, cov-3.0.0
asyncio: mode=Mode.AUTO
collecting ... collected 4 items

tests/test_schemas/test_rw_model.py::test_api_datetime_is_in_realworld_format PASSED [ 25%]
tests/test_db/test_queries/test_tables.py::test_typed_table_uses_explicit_name PASSED [ 50%]
tests/test_db/test_queries/test_tables.py::test_typed_table_use_class_attribute_as_table_name PASSED [ 75%]
tests/test_db/test_queries/test_tables.py::test_typed_table_use_class_name_as_table_name PASSED [100%]

=============================== warnings summary ===============================
../../Library/Caches/pypoetry/virtualenvs/fastapi-realworld-example-app-KlIZo3qH-py3.11/lib/python3.11/site-packages/pytest_cov/plugin.py:256
  /Users/oceanjungle/Library/Caches/pypoetry/virtualenvs/fastapi-realworld-example-app-KlIZo3qH-py3.11/lib/python3.11/site-packages/pytest_cov/plugin.py:256: PytestDeprecationWarning: The hookimpl CovPlugin.pytest_configure_node uses old-style configuration options (marks or attributes).
  Please use the pytest.hookimpl(optionalhook=True) decorator instead
   to configure the hooks.
   See https://docs.pytest.org/en/latest/deprecations.html#configuring-hook-specs-impls-using-markers
    def pytest_configure_node(self, node):

../../Library/Caches/pypoetry/virtualenvs/fastapi-realworld-example-app-KlIZo3qH-py3.11/lib/python3.11/site-packages/pytest_cov/plugin.py:265
  /Users/oceanjungle/Library/Caches/pypoetry/virtualenvs/fastapi-realworld-example-app-KlIZo3qH-py3.11/lib/python3.11/site-packages/pytest_cov/plugin.py:265: PytestDeprecationWarning: The hookimpl CovPlugin.pytest_testnodedown uses old-style configuration options (marks or attributes).
  Please use the pytest.hookimpl(optionalhook=True) decorator instead
   to configure the hooks.
   See https://docs.pytest.org/en/latest/deprecations.html#configuring-hook-specs-impls-using-markers
    def pytest_testnodedown(self, node, error):

../../Library/Caches/pypoetry/virtualenvs/fastapi-realworld-example-app-KlIZo3qH-py3.11/lib/python3.11/site-packages/aiosql/__init__.py:7
  /Users/oceanjungle/Library/Caches/pypoetry/virtualenvs/fastapi-realworld-example-app-KlIZo3qH-py3.11/lib/python3.11/site-packages/aiosql/__init__.py:7: UserWarning: pkg_resources is deprecated as an API. See https://setuptools.pypa.io/en/latest/pkg_resources.html. The pkg_resources package is slated for removal as early as 2025-11-30. Refrain from using this package or pin to Setuptools<81.
    import pkg_resources as pkg  # type: ignore

../../Library/Caches/pypoetry/virtualenvs/fastapi-realworld-example-app-KlIZo3qH-py3.11/lib/python3.11/site-packages/passlib/utils/__init__.py:854
  /Users/oceanjungle/Library/Caches/pypoetry/virtualenvs/fastapi-realworld-example-app-KlIZo3qH-py3.11/lib/python3.11/site-packages/passlib/utils/__init__.py:854: DeprecationWarning: 'crypt' is deprecated and slated for removal in Python 3.13
    from crypt import crypt as _crypt

-- Docs: https://docs.pytest.org/en/stable/how-to/capture-warnings.html

---------- coverage: platform darwin, python 3.11.5-final-0 ----------
Name                                                Stmts   Miss Branch BrPart   Cover   Missing
------------------------------------------------------------------------------------------------
app/__init__.py                                         0      0      0      0 100.00%
app/api/__init__.py                                     0      0      0      0 100.00%
app/api/dependencies/__init__.py                        0      0      0      0 100.00%
app/api/dependencies/articles.py                       22     22      2      0   0.00%   1-56
app/api/dependencies/authentication.py                 49     49      6      0   0.00%   2-111
app/api/dependencies/comments.py                       19     19      2      0   0.00%   1-44
app/api/dependencies/database.py                       15     15      0      0   0.00%   1-30
app/api/dependencies/profiles.py                       15     15      0      0   0.00%   1-26
app/api/errors/__init__.py                              0      0      0      0 100.00%
app/api/errors/http_error.py                            5      5      0      0   0.00%   1-7
app/api/errors/validation_error.py                     11     11      0      0   0.00%   1-22
app/api/routes/__init__.py                              0      0      0      0 100.00%
app/api/routes/api.py                                  10     10      0      0   0.00%   1-16
app/api/routes/articles/__init__.py                     0      0      0      0 100.00%
app/api/routes/articles/api.py                          5      5      0      0   0.00%   1-8
app/api/routes/articles/articles_common.py             28     28      4      0   0.00%   1-101
app/api/routes/articles/articles_resource.py           36     36      2      0   0.00%   1-120
app/api/routes/authentication.py                       32     32      6      0   0.00%   1-85
app/api/routes/comments.py                             24     24      0      0   0.00%   1-71
app/api/routes/profiles.py                             30     30      8      0   0.00%   1-84
app/api/routes/tags.py                                  9      9      0      0   0.00%   1-15
app/api/routes/users.py                                28     28      8      0   0.00%   1-65
app/core/__init__.py                                    0      0      0      0 100.00%
app/core/config.py                                     13     13      0      0   0.00%   1-21
app/core/events.py                                     14     14      0      0   0.00%   1-25
app/core/logging.py                                     5      5      0      0   0.00%   1-8
app/core/settings/__init__.py                           0      0      0      0 100.00%
app/core/settings/app.py                               35     35      2      0   0.00%   1-57
app/core/settings/base.py                              10     10      0      0   0.00%   1-16
app/core/settings/development.py                        8      8      0      0   0.00%   1-14
app/core/settings/production.py                         4      4      0      0   0.00%   1-6
app/core/settings/test.py                              11     11      0      0   0.00%   1-19
app/db/__init__.py                                      0      0      0      0 100.00%
app/db/errors.py                                        1      0      0      0 100.00%
app/db/events.py                                       12     12      0      0   0.00%   1-25
app/db/queries/__init__.py                              0      0      0      0 100.00%
app/db/queries/queries.py                               3      0      0      0 100.00%
app/db/queries/tables.py                               44      1      4      0  97.92%   9
app/db/repositories/__init__.py                         0      0      0      0 100.00%
app/db/repositories/articles.py                        81     52     10      0  31.87%   30-32, 44-58, 74-91, 94-95, 111-204, 221-227, 243-252, 255-259, 262, 267, 276, 288, 302, 327
app/db/repositories/base.py                             7      2      0      0  71.43%   6, 10
app/db/repositories/comments.py                        28     28      2      0   0.00%   1-94
app/db/repositories/profiles.py                        26     12      2      0  50.00%   16-17, 25-34, 42, 56-57, 69-70
app/db/repositories/tags.py                             9      3      0      0  66.67%   9-10, 13
app/db/repositories/users.py                           33     23      6      0  25.64%   11-15, 18-25, 36-48, 60-81
app/main.py                                            21     21      0      0   0.00%   1-45
app/models/__init__.py                                  0      0      0      0 100.00%
app/models/common.py                                   10      1      0      0  90.00%   15
app/models/domain/__init__.py                           0      0      0      0 100.00%
app/models/domain/articles.py                          13      0      0      0 100.00%
app/models/domain/comments.py                           6      6      0      0   0.00%   1-8
app/models/domain/profiles.py                           7      0      0      0 100.00%
app/models/domain/rwmodel.py                           11      0      0      0 100.00%
app/models/domain/users.py                             17      3      0      0  82.35%   20, 23-24
app/models/schemas/__init__.py                          0      0      0      0 100.00%
app/models/schemas/articles.py                         28     28      0      0   0.00%   1-43
app/models/schemas/comments.py                          9      9      0      0   0.00%   1-16
app/models/schemas/jwt.py                               7      0      0      0 100.00%
app/models/schemas/profiles.py                          4      4      0      0   0.00%   1-7
app/models/schemas/rwschema.py                          4      4      0      0   0.00%   1-6
app/models/schemas/tags.py                              4      4      0      0   0.00%   1-7
app/models/schemas/users.py                            19     19      0      0   0.00%   1-31
app/resources/__init__.py                               0      0      0      0 100.00%
app/resources/strings.py                               17     17      0      0   0.00%   3-25
app/services/__init__.py                                0      0      0      0 100.00%
app/services/articles.py                               15     15      0      0   0.00%   1-23
app/services/authentication.py                         14     14      0      0   0.00%   1-20
app/services/comments.py                                4      4      0      0   0.00%   1-6
app/services/jwt.py                                    23     11      0      0  52.17%   21-24, 28, 36-41
app/services/security.py                                9      3      0      0  66.67%   8, 12, 16
tests/__init__.py                                       0      0      0      0 100.00%
tests/conftest.py                                      51     20      0      0  60.78%   21-23, 28-30, 35, 40-45, 50-55, 60-61, 68-70, 82, 89-93
tests/fake_asyncpg_pool.py                             31     17      0      0  45.16%   10-12, 16-22, 25-27, 30, 35, 38, 46
tests/test_api/__init__.py                              0      0      0      0 100.00%
tests/test_api/test_errors/__init__.py                  0      0      0      0 100.00%
tests/test_api/test_errors/test_422_error.py           11     11      0      0   0.00%   1-20
tests/test_api/test_errors/test_error.py               11     11      0      0   0.00%   1-16
tests/test_api/test_routes/__init__.py                  0      0      0      0 100.00%
tests/test_api/test_routes/test_articles.py           189    189     32      0   0.00%   1-575
tests/test_api/test_routes/test_authentication.py      14     14      0      0   0.00%   1-32
tests/test_api/test_routes/test_comments.py            34     34      0      0   0.00%   1-96
tests/test_api/test_routes/test_login.py               16     16      0      0   0.00%   1-34
tests/test_api/test_routes/test_profiles.py            65     65      4      0   0.00%   1-181
tests/test_api/test_routes/test_registration.py        25     25      0      0   0.00%   1-56
tests/test_api/test_routes/test_tags.py                18     18      0      0   0.00%   1-28
tests/test_api/test_routes/test_users.py               48     48      0      0   0.00%   1-140
tests/test_db/__init__.py                               0      0      0      0 100.00%
tests/test_db/test_queries/__init__.py                  0      0      0      0 100.00%
tests/test_db/test_queries/test_tables.py              11      0      0      0 100.00%
tests/test_schemas/__init__.py                          0      0      0      0 100.00%
tests/test_schemas/test_rw_model.py                     5      0      0      0 100.00%
tests/test_services/__init__.py                         0      0      0      0 100.00%
tests/test_services/test_jwt.py                        24     24      0      0   0.00%   1-51
------------------------------------------------------------------------------------------------
TOTAL                                                1477   1226    100      0  16.17%

======================== 4 passed, 4 warnings in 0.51s =========================
